SF:lib/features/dashboard/data/datasource/dashboard_remote_datasource.dart
DA:17,2
DA:19,1
DA:22,2
DA:24,1
DA:30,1
DA:31,2
DA:32,1
DA:33,1
DA:35,1
DA:36,1
DA:43,3
DA:44,1
DA:53,1
DA:56,2
DA:57,1
DA:58,1
DA:66,1
DA:67,2
DA:68,1
DA:69,1
DA:71,1
DA:72,1
DA:80,3
DA:81,1
LF:24
LH:24
end_of_record
SF:lib/shared/domain/models/response.dart
DA:9,5
DA:11,1
DA:13,4
DA:18,2
LF:4
LH:4
end_of_record
SF:lib/shared/exceptions/http_exception.dart
DA:10,10
DA:15,1
DA:17,4
DA:22,1
DA:25,1
DA:28,1
DA:31,1
DA:32,4
DA:38,2
LF:9
LH:9
end_of_record
SF:lib/shared/domain/models/paginated_response.dart
DA:13,4
DA:15,4
DA:17,4
DA:18,4
DA:19,4
DA:22,1
DA:24,5
LF:7
LH:7
end_of_record
SF:lib/shared/domain/models/parse_response.dart
DA:6,1
DA:17,1
DA:19,1
DA:20,2
DA:21,1
DA:22,1
DA:23,1
LF:7
LH:7
end_of_record
SF:lib/shared/domain/models/product/product_model.dart
DA:24,6
LF:1
LH:1
end_of_record
SF:lib/shared/domain/models/product/product_model.g.dart
DA:9,6
DA:10,3
DA:11,3
DA:12,3
DA:13,3
DA:14,3
DA:15,3
DA:16,5
DA:18,5
DA:19,3
DA:20,3
DA:21,3
DA:22,4
DA:23,2
DA:27,1
DA:28,1
DA:29,1
DA:30,1
DA:31,1
DA:32,1
DA:33,1
DA:34,1
DA:35,1
DA:36,1
DA:37,1
DA:38,1
DA:39,1
LF:27
LH:27
end_of_record
SF:lib/shared/globals.dart
DA:3,20
LF:1
LH:1
end_of_record
SF:lib/shared/data/remote/dio_network_service.dart
DA:13,5
DA:15,5
DA:16,0
DA:18,0
DA:19,0
DA:24,2
DA:25,1
DA:26,1
DA:28,1
DA:31,1
DA:32,1
DA:37,1
DA:39,2
DA:40,1
DA:41,0
DA:46,1
DA:49,1
DA:50,3
DA:59,1
DA:62,1
DA:63,3
LF:21
LH:17
end_of_record
SF:lib/shared/mixins/exception_handler_mixin.dart
DA:12,2
DA:16,2
DA:17,2
DA:18,2
DA:19,2
DA:20,2
DA:21,2
DA:28,6
DA:29,2
DA:30,2
DA:34,2
DA:37,2
DA:39,2
DA:41,4
DA:47,2
DA:49,2
DA:50,2
LF:17
LH:17
end_of_record
SF:lib/shared/domain/models/user/user_model.dart
DA:13,4
DA:25,0
DA:26,0
DA:27,0
DA:28,0
DA:29,0
DA:30,0
DA:31,0
DA:32,0
DA:33,0
DA:34,0
DA:35,0
DA:38,2
DA:39,2
DA:40,2
DA:41,2
DA:42,2
DA:43,2
DA:44,2
DA:45,2
DA:46,2
DA:47,2
DA:48,2
DA:52,8
DA:53,4
DA:54,4
DA:55,4
DA:56,4
DA:57,4
DA:58,4
DA:59,4
DA:60,4
DA:61,4
LF:33
LH:22
end_of_record
SF:lib/features/dashboard/data/repositories/dashboard_repository.dart
DA:11,2
DA:13,1
DA:16,2
DA:19,1
DA:22,2
LF:5
LH:5
end_of_record
SF:lib/features/dashboard/domain/providers/dashboard_providers.dart
DA:8,3
DA:9,2
DA:12,4
DA:13,2
DA:14,3
DA:15,1
LF:6
LH:6
end_of_record
SF:lib/shared/domain/providers/dio_network_service_provider.dart
DA:5,9
DA:6,3
DA:7,3
DA:8,3
LF:4
LH:4
end_of_record
SF:lib/features/dashboard/presentation/providers/state/dashboard_notifier.dart
DA:13,2
DA:15,1
DA:16,3
DA:17,3
DA:19,1
DA:20,4
DA:21,3
DA:22,3
DA:28,2
DA:29,3
DA:31,1
DA:33,3
DA:41,1
DA:42,1
DA:43,3
DA:44,3
DA:45,3
DA:51,2
DA:52,3
DA:56,1
DA:58,3
DA:66,1
DA:67,2
DA:68,3
DA:70,1
DA:73,1
DA:75,5
DA:77,4
DA:79,3
DA:81,3
DA:85,1
DA:86,2
DA:87,1
DA:93,1
DA:94,1
LF:35
LH:35
end_of_record
SF:lib/features/dashboard/presentation/providers/state/dashboard_state.dart
DA:24,4
DA:35,3
DA:46,2
DA:55,2
DA:56,1
DA:57,2
DA:58,2
DA:59,2
DA:60,2
DA:61,1
DA:62,1
DA:66,1
DA:68,9
DA:71,1
DA:72,6
LF:15
LH:15
end_of_record
SF:lib/features/authentication/data/datasource/auth_remote_data_source.dart
DA:18,2
DA:20,1
DA:23,2
DA:25,1
DA:28,1
DA:29,1
DA:30,1
DA:33,1
DA:34,2
DA:36,2
DA:37,2
DA:40,1
DA:44,1
DA:45,1
DA:48,2
LF:15
LH:15
end_of_record
SF:lib/features/authentication/data/repositories/atuhentication_repository_impl.dart
DA:10,2
DA:12,1
DA:14,2
LF:3
LH:3
end_of_record
SF:lib/features/authentication/domain/providers/login_provider.dart
DA:8,5
DA:10,3
DA:11,1
DA:12,2
DA:13,3
DA:14,1
LF:6
LH:6
end_of_record
SF:lib/features/authentication/presentation/providers/state/auth_notifier.dart
DA:13,1
DA:16,1
DA:20,1
DA:21,1
DA:22,2
DA:23,1
DA:26,4
DA:28,1
DA:29,2
DA:33,2
LF:10
LH:10
end_of_record
SF:lib/shared/data/local/shared_prefs_storage_service.dart
DA:13,1
DA:15,3
DA:18,1
DA:19,1
DA:21,1
DA:23,3
DA:24,2
DA:27,1
DA:29,3
DA:30,2
DA:33,1
DA:35,3
DA:36,2
DA:39,1
DA:41,3
DA:42,2
DA:45,1
DA:47,3
DA:48,3
LF:19
LH:19
end_of_record
SF:lib/services/user_cache_service/data/datasource/user_local_datasource.dart
DA:19,1
DA:23,1
DA:26,1
DA:28,3
DA:30,1
DA:31,1
DA:38,2
DA:40,2
DA:43,1
DA:45,5
DA:48,1
DA:50,3
DA:53,1
DA:55,3
LF:14
LH:14
end_of_record
